e:\code\live\live\release\live.pch
e:\code\live\live\release\vc141.pdb
e:\code\live\live\release\stdafx.obj
e:\code\live\live\release\main.obj
e:\code\live\live\release\login.obj
e:\code\live\live\release\imageshowpage.obj
e:\code\live\live\release\profile.obj
e:\code\live\live\release\globalfuncton.obj
e:\code\live\live\release\customcontrolfactory.obj
e:\code\live\live\release\glad.obj
e:\code\live\live\release\toolbar.obj
e:\code\live\live\release\mainwnd.obj
e:\code\live\live\release\caption.obj
e:\code\live\live\release\popupsliderwnd.obj
e:\code\live\live\release\controlglobalfunc.obj
e:\code\live\live\release\utl.obj
e:\code\live\live\release\jsonutl.obj
e:\code\live\live\release\iniparse.obj
e:\code\live\live\release\httphandler.obj
e:\code\live\live\release\fmtstringarray.obj
e:\code\live\live\release\fmtobj.obj
e:\code\live\live\release\file.obj
e:\code\live\live\release\buffer.obj
e:\code\live\live\release\stockdata.obj
e:\code\live\live\release\stockarray.obj
e:\code\live\live\release\market.obj
e:\code\live\live\release\blockcalc.obj
e:\code\live\live\release\blockask.obj
e:\code\live\live\release\block.obj
e:\code\live\live\release\skinsetwnd.obj
e:\code\live\live\release\screenshot.obj
e:\code\live\live\release\testcontrolpage.obj
e:\code\live\live\release\pagecreater.obj
e:\code\live\live\release\blockcalcpage.obj
e:\code\live\live\release\basepage.obj
e:\code\live\live\release\base64page.obj
e:\code\live\live\release\glwindow.obj
e:\code\live\release\live.exe
e:\code\live\release\live.pdb
e:\code\live\release\live.ipdb
e:\code\live\release\live.iobj
e:\code\live\live\release\live.res
e:\code\live\live\release\live.tlog\cl.command.1.tlog
e:\code\live\live\release\live.tlog\cl.read.1.tlog
e:\code\live\live\release\live.tlog\cl.write.1.tlog
e:\code\live\live\release\live.tlog\link.command.1.tlog
e:\code\live\live\release\live.tlog\link.read.1.tlog
e:\code\live\live\release\live.tlog\link.write.1.tlog
e:\code\live\live\release\live.tlog\live.write.1u.tlog
e:\code\live\live\release\live.tlog\rc.command.1.tlog
e:\code\live\live\release\live.tlog\rc.read.1.tlog
e:\code\live\live\release\live.tlog\rc.write.1.tlog
