e:\code\live\live\debug\live.pch
e:\code\live\live\debug\vc141.pdb
e:\code\live\live\debug\vc141.idb
e:\code\live\live\debug\stdafx.obj
e:\code\live\live\debug\main.obj
e:\code\live\live\debug\login.obj
e:\code\live\live\debug\imageshowpage.obj
e:\code\live\live\debug\profile.obj
e:\code\live\live\debug\globalfuncton.obj
e:\code\live\live\debug\customcontrolfactory.obj
e:\code\live\live\debug\glad.obj
e:\code\live\live\debug\toolbar.obj
e:\code\live\live\debug\mainwnd.obj
e:\code\live\live\debug\caption.obj
e:\code\live\live\debug\popupsliderwnd.obj
e:\code\live\live\debug\controlglobalfunc.obj
e:\code\live\live\debug\utl.obj
e:\code\live\live\debug\jsonutl.obj
e:\code\live\live\debug\iniparse.obj
e:\code\live\live\debug\httphandler.obj
e:\code\live\live\debug\fmtstringarray.obj
e:\code\live\live\debug\fmtobj.obj
e:\code\live\live\debug\file.obj
e:\code\live\live\debug\buffer.obj
e:\code\live\live\debug\stockdata.obj
e:\code\live\live\debug\stockarray.obj
e:\code\live\live\debug\market.obj
e:\code\live\live\debug\blockcalc.obj
e:\code\live\live\debug\blockask.obj
e:\code\live\live\debug\block.obj
e:\code\live\live\debug\skinsetwnd.obj
e:\code\live\live\debug\screenshot.obj
e:\code\live\live\debug\testcontrolpage.obj
e:\code\live\live\debug\pagecreater.obj
e:\code\live\live\debug\blockcalcpage.obj
e:\code\live\live\debug\basepage.obj
e:\code\live\live\debug\base64page.obj
e:\code\live\live\debug\glwindow.obj
e:\code\live\debug\live.exe
e:\code\live\debug\live.ilk
e:\code\live\debug\live.pdb
e:\code\live\live\debug\live.res
e:\code\live\live\debug\live.tlog\cl.command.1.tlog
e:\code\live\live\debug\live.tlog\cl.read.1.tlog
e:\code\live\live\debug\live.tlog\cl.write.1.tlog
e:\code\live\live\debug\live.tlog\link.command.1.tlog
e:\code\live\live\debug\live.tlog\link.read.1.tlog
e:\code\live\live\debug\live.tlog\link.write.1.tlog
e:\code\live\live\debug\live.tlog\rc.command.1.tlog
e:\code\live\live\debug\live.tlog\rc.read.1.tlog
e:\code\live\live\debug\live.tlog\rc.write.1.tlog
